----------   Running  Command   ---------- 

COMMAND: /lus/theta-fs0/projects/cfdml_aesp/balin/SmartSim/smartsim-develop/smartsim/_core/bin/redis-server /lus/theta-fs0/projects/cfdml_aesp/balin/SmartSim/smartsim-develop/smartsim/_core/config/redis6.conf --loadmodule /lus/theta-fs0/projects/cfdml_aesp/balin/SmartSim/smartsim-develop/smartsim/_core/lib/redisai.so --port 6780 --bind 10.128.0.23

IPADDRESS: 10.128.0.23

NETWORK: ipogif0

------------------------------ 


----------   Output   ---------- 


36831:C 27 Apr 2022 21:30:44.726 # oO0OoO0OoO0Oo Redis is starting oO0OoO0OoO0Oo
36831:C 27 Apr 2022 21:30:44.727 # Redis version=6.0.8, bits=64, commit=03b59cd5, modified=0, pid=36831, just started
36831:C 27 Apr 2022 21:30:44.727 # Configuration loaded
                _._
           _.-``__ ''-._
      _.-``    `.  `_.  ''-._           Redis 6.0.8 (03b59cd5/0) 64 bit
  .-`` .-```.  ```\/    _.,_ ''-._
 (    '      ,       .-`  | `,    )     Running in standalone mode
 |`-._`-...-` __...-.``-._|'` _.-'|     Port: 6780
 |    `-._   `._    /     _.-'    |     PID: 36831
  `-._    `-._  `-./  _.-'    _.-'
 |`-._`-._    `-.__.-'    _.-'_.-'|
 |    `-._`-._        _.-'_.-'    |           http://redis.io
  `-._    `-._`-.__.-'_.-'    _.-'
 |`-._`-._    `-.__.-'    _.-'_.-'|
 |    `-._`-._        _.-'_.-'    |
  `-._    `-._`-.__.-'_.-'    _.-'
      `-._    `-.__.-'    _.-'
          `-._        _.-'
              `-.__.-'

36831:M 27 Apr 2022 21:30:44.757 # Server initialized
36831:M 27 Apr 2022 21:30:44.757 # WARNING overcommit_memory is set to 0! Background save may fail under low memory condition. To fix this issue add 'vm.overcommit_memory = 1' to /etc/sysctl.conf and then reboot or run the command 'sysctl vm.overcommit_memory=1' for this to take effect.
36831:M 27 Apr 2022 21:30:44.783 * <ai> Redis version found by RedisAI: 6.0.8 - oss
36831:M 27 Apr 2022 21:30:44.783 * <ai> RedisAI version 10203, git_sha=3f192ebd2bc874fb21cfdb3aff3bb0647df9b6ea
36831:M 27 Apr 2022 21:30:44.784 * Module 'ai' loaded from /lus/theta-fs0/projects/cfdml_aesp/balin/SmartSim/smartsim-develop/smartsim/_core/lib/redisai.so
36831:M 27 Apr 2022 21:30:44.789 * Ready to accept connections
36831:M 27 Apr 2022 21:31:00.542 # <ai> AI.MODELSET command is deprecated and will not be available in future version, you can use AI.MODELSTORE instead
36831:M 27 Apr 2022 21:31:00.543 # <ai> backend TORCH not loaded, will try loading default backend
[W OperatorEntry.cpp:111] Warning: Registering a kernel (registered by RegisterOperators) for operator redis::execute for dispatch key (catch all) that overwrote a previously registered kernel with the same dispatch key for the same operator. (function registerKernel)
[W OperatorEntry.cpp:111] Warning: Registering a kernel (registered by RegisterOperators) for operator redis::asList for dispatch key (catch all) that overwrote a previously registered kernel with the same dispatch key for the same operator. (function registerKernel)
36831:M 27 Apr 2022 21:31:04.817 * <ai> TORCH backend loaded from /lus/theta-fs0/projects/cfdml_aesp/balin/SmartSim/smartsim-develop/smartsim/_core/lib/backends/redisai_torch/redisai_torch.so
36831:M 27 Apr 2022 21:31:14.957 # <ai> AI.MODELRUN command is deprecated and will not be available in future version, you can use AI.MODELEXECUTE instead
36831:M 27 Apr 2022 21:31:14.957 # <ai> AI.MODELRUN command is deprecated and will not be available in future version, you can use AI.MODELEXECUTE instead
36831:M 27 Apr 2022 21:31:25.471 # <ai> AI.MODELRUN command is deprecated and will not be available in future version, you can use AI.MODELEXECUTE instead
36831:M 27 Apr 2022 21:31:25.473 # <ai> AI.MODELRUN command is deprecated and will not be available in future version, you can use AI.MODELEXECUTE instead
