----------   Running  Command   ---------- 

COMMAND: /lus/theta-fs0/projects/cfdml_aesp/balin/SmartSim/smartsim-develop/smartsim/_core/bin/redis-server /lus/theta-fs0/projects/cfdml_aesp/balin/SmartSim/smartsim-develop/smartsim/_core/config/redis6.conf --loadmodule /lus/theta-fs0/projects/cfdml_aesp/balin/SmartSim/smartsim-develop/smartsim/_core/lib/redisai.so --port 6780 --bind 10.128.15.21

IPADDRESS: 10.128.15.21

NETWORK: ipogif0

------------------------------ 


----------   Output   ---------- 


95503:C 28 Apr 2022 15:47:06.947 # oO0OoO0OoO0Oo Redis is starting oO0OoO0OoO0Oo
95503:C 28 Apr 2022 15:47:06.948 # Redis version=6.0.8, bits=64, commit=03b59cd5, modified=0, pid=95503, just started
95503:C 28 Apr 2022 15:47:06.948 # Configuration loaded
                _._
           _.-``__ ''-._
      _.-``    `.  `_.  ''-._           Redis 6.0.8 (03b59cd5/0) 64 bit
  .-`` .-```.  ```\/    _.,_ ''-._
 (    '      ,       .-`  | `,    )     Running in standalone mode
 |`-._`-...-` __...-.``-._|'` _.-'|     Port: 6780
 |    `-._   `._    /     _.-'    |     PID: 95503
  `-._    `-._  `-./  _.-'    _.-'
 |`-._`-._    `-.__.-'    _.-'_.-'|
 |    `-._`-._        _.-'_.-'    |           http://redis.io
  `-._    `-._`-.__.-'_.-'    _.-'
 |`-._`-._    `-.__.-'    _.-'_.-'|
 |    `-._`-._        _.-'_.-'    |
  `-._    `-._`-.__.-'_.-'    _.-'
      `-._    `-.__.-'    _.-'
          `-._        _.-'
              `-.__.-'

95503:M 28 Apr 2022 15:47:07.066 # Server initialized
95503:M 28 Apr 2022 15:47:07.066 # WARNING overcommit_memory is set to 0! Background save may fail under low memory condition. To fix this issue add 'vm.overcommit_memory = 1' to /etc/sysctl.conf and then reboot or run the command 'sysctl vm.overcommit_memory=1' for this to take effect.
95503:M 28 Apr 2022 15:47:07.162 * <ai> Redis version found by RedisAI: 6.0.8 - oss
95503:M 28 Apr 2022 15:47:07.162 * <ai> RedisAI version 10203, git_sha=3f192ebd2bc874fb21cfdb3aff3bb0647df9b6ea
95503:M 28 Apr 2022 15:47:07.163 * Module 'ai' loaded from /lus/theta-fs0/projects/cfdml_aesp/balin/SmartSim/smartsim-develop/smartsim/_core/lib/redisai.so
95503:M 28 Apr 2022 15:47:07.168 * Ready to accept connections
